[2025-05-19 21:34:09] [INFO    ] discord.client: logging in using static token
[2025-05-19 21:34:10] [DEBUG   ] discord.http: GET https://discord.com/api/v10/users/@me with None has returned 200
[2025-05-19 21:34:10] [DEBUG   ] discord.http: GET /users/@me has found its initial rate limit bucket hash (78bb8553d9352a5a2f89f9def401287a).
[2025-05-19 21:34:10] [DEBUG   ] discord.http: GET https://discord.com/api/v10/users/@me has received {'id': '1373946304861966347', 'username': 'Jack Bot', 'avatar': 'a8e885223f24d5ba156d55257a5630f5', 'discriminator': '8208', 'public_flags': 0, 'flags': 0, 'bot': True, 'banner': None, 'accent_color': None, 'global_name': None, 'avatar_decoration_data': None, 'collectibles': None, 'banner_color': None, 'clan': None, 'primary_guild': None, 'mfa_enabled': False, 'locale': 'en-US', 'premium_type': 0, 'email': None, 'verified': True, 'bio': ''}
[2025-05-19 21:34:10] [DEBUG   ] discord.http: GET https://discord.com/api/v10/oauth2/applications/@me with None has returned 200
[2025-05-19 21:34:10] [DEBUG   ] discord.http: GET /oauth2/applications/@me has found its initial rate limit bucket hash (d28a133af187e91d71d96a223467ce49).
[2025-05-19 21:34:10] [DEBUG   ] discord.http: GET https://discord.com/api/v10/oauth2/applications/@me has received {'id': '1373946304861966347', 'name': 'Jack Bot', 'icon': 'a8e885223f24d5ba156d55257a5630f5', 'description': '', 'type': None, 'bot': {'id': '1373946304861966347', 'username': 'Jack Bot', 'avatar': 'a8e885223f24d5ba156d55257a5630f5', 'discriminator': '8208', 'public_flags': 0, 'flags': 0, 'bot': True, 'banner': None, 'accent_color': None, 'global_name': None, 'avatar_decoration_data': None, 'collectibles': None, 'banner_color': None, 'clan': None, 'primary_guild': None}, 'summary': '', 'is_monetized': False, 'is_verified': False, 'is_discoverable': False, 'bot_public': True, 'bot_require_code_grant': False, 'install_params': {'scopes': ['applications.commands'], 'permissions': '0'}, 'integration_types_config': {'0': {'oauth2_install_params': {'scopes': ['applications.commands'], 'permissions': '0'}}, '1': {'oauth2_install_params': {'scopes': ['applications.commands'], 'permissions': '0'}}}, 'verify_key': 'fb3808750e367acb644aa2f09fb8c83e2f128cc184904348de91e5d992a07634', 'flags': 557056, 'hook': True, 'storefront_available': False, 'redirect_uris': [], 'interactions_endpoint_url': None, 'role_connections_verification_url': None, 'owner': {'id': '669138482396004362', 'username': 'rargoz', 'avatar': '07ec2755391bb18bf3658bae58dedb75', 'discriminator': '0', 'public_flags': 0, 'flags': 0, 'banner': None, 'accent_color': None, 'global_name': 'rargoz', 'avatar_decoration_data': None, 'collectibles': None, 'banner_color': None, 'clan': None, 'primary_guild': None}, 'approximate_guild_count': 1, 'approximate_user_install_count': 0, 'interactions_event_types': [], 'interactions_version': 1, 'explicit_content_filter': 0, 'rpc_application_state': 0, 'store_application_state': 1, 'verification_state': 1, 'integration_public': True, 'integration_require_code_grant': False, 'discoverability_state': 1, 'discovery_eligibility_flags': 224, 'monetization_state': 1, 'verification_eligibility_flags': 91036, 'monetization_eligibility_flags': 181988, 'team': None, 'internal_guild_restriction': 2, 'approved_consoles': []}
[2025-05-19 21:34:11] [DEBUG   ] discord.gateway: Created websocket connected to wss://gateway.discord.gg/
[2025-05-19 21:34:11] [DEBUG   ] discord.gateway: For Shard ID None: WebSocket Event: {'t': None, 's': None, 'op': 10, 'd': {'heartbeat_interval': 41250, '_trace': ['["gateway-prd-us-east1-b-h8qr",{"micros":0.0}]']}}
[2025-05-19 21:34:11] [DEBUG   ] discord.gateway: Shard ID None has sent the IDENTIFY payload.
[2025-05-19 21:34:11] [DEBUG   ] discord.gateway: For Shard ID None: WebSocket Event: {'t': None, 's': None, 'op': 11, 'd': None}
[2025-05-19 21:34:11] [DEBUG   ] discord.gateway: For Shard ID None: WebSocket Event: {'t': 'READY', 's': 1, 'op': 0, 'd': {'v': 10, 'user_settings': {}, 'user': {'verified': True, 'username': 'Jack Bot', 'primary_guild': None, 'mfa_enabled': False, 'id': '1373946304861966347', 'global_name': None, 'flags': 0, 'email': None, 'discriminator': '8208', 'clan': None, 'bot': True, 'avatar': 'a8e885223f24d5ba156d55257a5630f5'}, 'session_type': 'normal', 'session_id': '0a7754caa6b91d71b388087977612f8c', 'resume_gateway_url': 'wss://gateway-us-east1-b.discord.gg', 'relationships': [], 'private_channels': [], 'presences': [], 'guilds': [{'unavailable': True, 'id': '1072557845494644866'}], 'guild_join_requests': [], 'geo_ordered_rtc_regions': ['singapore', 'hongkong', 'india', 'japan', 'dubai'], 'game_relationships': [], 'auth': {}, 'application': {'id': '1373946304861966347', 'flags': 557056}, '_trace': ['["gateway-prd-us-east1-b-h8qr",{"micros":71736,"calls":["id_created",{"micros":320,"calls":[]},"session_lookup_time",{"micros":302,"calls":[]},"session_lookup_finished",{"micros":14,"calls":[]},"discord-sessions-prd-2-130",{"micros":70567,"calls":["start_session",{"micros":42326,"calls":["discord-api-rpc-6c744fbcb7-r5mqf",{"micros":35628,"calls":["get_user",{"micros":6591},"get_guilds",{"micros":2902},"send_scheduled_deletion_message",{"micros":5},"guild_join_requests",{"micros":0},"authorized_ip_coro",{"micros":8},"pending_payments",{"micros":788},"apex_user_experiments",{"micros":2},"user_activities",{"micros":1}]}]},"starting_guild_connect",{"micros":22,"calls":[]},"presence_started",{"micros":3850,"calls":[]},"guilds_started",{"micros":113,"calls":[]},"lobbies_started",{"micros":1,"calls":[]},"guilds_connect",{"micros":1,"calls":[]},"presence_connect",{"micros":24236,"calls":[]},"connect_finished",{"micros":24240,"calls":[]},"build_ready",{"micros":12,"calls":[]},"clean_ready",{"micros":1,"calls":[]},"optimize_ready",{"micros":0,"calls":[]},"split_ready",{"micros":0,"calls":[]}]}]}]']}}
[2025-05-19 21:34:11] [DEBUG   ] discord.client: Dispatching event socket_event_type
[2025-05-19 21:34:11] [INFO    ] discord.gateway: Shard ID None has connected to Gateway (Session ID: 0a7754caa6b91d71b388087977612f8c).
[2025-05-19 21:34:11] [DEBUG   ] discord.client: Dispatching event connect
[2025-05-19 21:34:11] [DEBUG   ] discord.gateway: For Shard ID None: WebSocket Event: {'t': 'GUILD_CREATE', 's': 2, 'op': 0, 'd': {'emojis': [], 'premium_tier': 0, 'home_header': None, 'profile': None, 'explicit_content_filter': 0, 'banner': None, 'afk_channel_id': None, 'verification_level': 0, 'public_updates_channel_id': None, 'max_members': 500000, 'embedded_activities': [], 'splash': None, 'stickers': [], 'id': '1072557845494644866', 'joined_at': '2025-05-19T08:58:28.182664+00:00', 'large': False, 'name': 'GIGACHAD', 'members': [{'user': {'username': 'Jack Bot', 'public_flags': 0, 'primary_guild': None, 'id': '1373946304861966347', 'global_name': None, 'display_name': None, 'discriminator': '8208', 'collectibles': None, 'clan': None, 'bot': True, 'avatar_decoration_data': None, 'avatar': 'a8e885223f24d5ba156d55257a5630f5'}, 'roles': ['1373947908541513811'], 'premium_since': None, 'pending': False, 'nick': None, 'mute': False, 'joined_at': '2025-05-19T08:58:28.182664+00:00', 'flags': 0, 'deaf': False, 'communication_disabled_until': None, 'banner': None, 'avatar': None}], 'soundboard_sounds': [{'volume': 1.0, 'user_id': '669138482396004362', 'sound_id': '1131101080231624724', 'name': 'GIGACHAD', 'guild_id': '1072557845494644866', 'emoji_name': 'üòé', 'emoji_id': None, 'available': True}, {'volume': 0.6662921905517578, 'user_id': '669138482396004362', 'sound_id': '1166371419165298748', 'name': 'RIZZ', 'guild_id': '1072557845494644866', 'emoji_name': 'üòé', 'emoji_id': None, 'available': True}, {'volume': 0.5201185941696167, 'user_id': '517631492973920257', 'sound_id': '1166371581241594007', 'name': 'rizzler', 'guild_id': '1072557845494644866', 'emoji_name': None, 'emoji_id': None, 'available': True}, {'volume': 1.0, 'user_id': '669138482396004362', 'sound_id': '1168139990274953267', 'name': 'Dont Hurt Me', 'guild_id': '1072557845494644866', 'emoji_name': 'üëç', 'emoji_id': None, 'available': True}, {'volume': 0.8284229636192322, 'user_id': '669138482396004362', 'sound_id': '1257629954259288155', 'name': 'BYE BYE !', 'guild_id': '1072557845494644866', 'emoji_name': 'üòè', 'emoji_id': None, 'available': True}, {'volume': 0.8165156841278076, 'user_id': '517631492973920257', 'sound_id': '1293225642745135195', 'name': 'CROOOOWWNNN', 'guild_id': '1072557845494644866', 'emoji_name': 'üëë', 'emoji_id': None, 'available': True}, {'volume': 0.8111935257911682, 'user_id': '517631492973920257', 'sound_id': '1293225889739313185', 'name': 'BLINNGGNNGNG', 'guild_id': '1072557845494644866', 'emoji_name': 'üíé', 'emoji_id': None, 'available': True}, {'volume': 0.8569273948669434, 'user_id': '669138482396004362', 'sound_id': '1304822122010640447', 'name': 'DING DONG', 'guild_id': '1072557845494644866', 'emoji_name': 'üë≥', 'emoji_id': None, 'available': True}], 'incidents_data': None, 'preferred_locale': 'en-US', 'nsfw_level': 0, 'latest_onboarding_question_id': None, 'inventory_settings': None, 'unavailable': False, 'roles': [{'version': 1675788117585, 'unicode_emoji': None, 'tags': {}, 'position': 0, 'permissions': '2248473465835073', 'name': '@everyone', 'mentionable': False, 'managed': False, 'id': '1072557845494644866', 'icon': None, 'hoist': False, 'flags': 0, 'colors': {'tertiary_color': None, 'secondary_color': None, 'primary_color': 0}, 'color': 0}, {'version': 1747646684276, 'unicode_emoji': None, 'tags': {'bot_id': '1307371626815422474'}, 'position': 4, 'permissions': '3145728', 'name': 'Kenku FM', 'mentionable': False, 'managed': True, 'id': '1307372050121494561', 'icon': None, 'hoist': False, 'flags': 0, 'colors': {'tertiary_color': None, 'secondary_color': None, 'primary_color': 0}, 'color': 0}, {'version': 1747646684274, 'unicode_emoji': None, 'tags': {'bot_id': '971868710237274174'}, 'position': 3, 'permissions': '3409920', 'name': 'GEEK Music', 'mentionable': False, 'managed': True, 'id': '1307375264917098506', 'icon': None, 'hoist': False, 'flags': 0, 'colors': {'tertiary_color': None, 'secondary_color': None, 'primary_color': 0}, 'color': 0}, {'version': 1747648024815, 'unicode_emoji': None, 'tags': {'bot_id': '1373946304861966347'}, 'position': 2, 'permissions': '1738317548224320', 'name': 'Jack Bot', 'mentionable': False, 'managed': True, 'id': '1373947908541513811', 'icon': None, 'hoist': False, 'flags': 0, 'colors': {'tertiary_color': None, 'secondary_color': None, 'primary_color': 0}, 'color': 0}, {'version': 1747646705543, 'unicode_emoji': None, 'tags': {}, 'position': 1, 'permissions': '2108859006582783', 'name': 'LightSkin', 'mentionable': False, 'managed': False, 'id': '1373954060998279260', 'icon': None, 'hoist': False, 'flags': 0, 'colors': {'tertiary_color': None, 'secondary_color': None, 'primary_color': 11342935}, 'color': 11342935}], 'lazy': True, 'threads': [], 'owner_id': '669138482396004362', 'application_command_counts': {}, 'description': '', 'voice_states': [], 'member_count': 5, 'presences': [], 'afk_timeout': 300, 'stage_instances': [], 'hub_type': None, 'max_video_channel_users': 25, 'safety_alerts_channel_id': None, 'system_channel_flags': 0, 'icon': '003057c63e5a4dc30bf2d1161ca96cae', 'nsfw': False, 'default_message_notifications': 0, 'discovery_splash': None, 'guild_scheduled_events': [], 'system_channel_id': '1072557845494644868', 'activity_instances': [], 'moderator_reporting': None, 'vanity_url_code': None, 'application_id': None, 'mfa_level': 0, 'region': 'deprecated', 'premium_progress_bar_enabled': False, 'version': 1747653740957, 'max_stage_video_channel_users': 50, 'premium_features': None, 'channels': [{'version': 1675788117593, 'type': 4, 'position': 0, 'permission_overwrites': [], 'name': 'Text Channels', 'id': '1072557845494644867', 'flags': 0}, {'version': 1675788117605, 'type': 0, 'topic': None, 'rate_limit_per_user': 0, 'position': 1, 'permission_overwrites': [], 'parent_id': '1072557845494644867', 'name': 'general', 'last_message_id': '1374010459736379393', 'id': '1072557845494644868', 'flags': 0}, {'version': 1675788117613, 'type': 0, 'topic': None, 'rate_limit_per_user': 0, 'position': 2, 'permission_overwrites': [], 'parent_id': '1072557845494644867', 'name': 'clips-and-highlights', 'last_message_id': '1298598853494439966', 'id': '1072557845494644869', 'flags': 0}, {'version': 1675788117621, 'type': 4, 'position': 3, 'permission_overwrites': [], 'name': 'Voice Channels', 'id': '1072557845494644870', 'flags': 0}, {'version': 1729604204828, 'user_limit': 0, 'type': 2, 'rtc_region': None, 'rate_limit_per_user': 0, 'position': 0, 'permission_overwrites': [], 'parent_id': '1072557845494644870', 'name': 'Lobby', 'last_message_id': '1072569510172831814', 'id': '1072557845494644871', 'flags': 0, 'bitrate': 64000}, {'version': 1729604204836, 'user_limit': 0, 'type': 2, 'status': None, 'rtc_region': None, 'rate_limit_per_user': 0, 'position': 1, 'permission_overwrites': [], 'parent_id': '1072557845494644870', 'name': 'Gaming', 'last_message_id': None, 'id': '1072557845972799528', 'flags': 0, 'bitrate': 64000}], 'features': ['SOUNDBOARD'], 'rules_channel_id': None, 'premium_subscription_count': 0}}
[2025-05-19 21:34:11] [DEBUG   ] discord.client: Dispatching event socket_event_type
[2025-05-19 21:34:11] [DEBUG   ] discord.gateway: For Shard ID None: WebSocket Event: {'t': 'GUILD_MEMBERS_CHUNK', 's': 3, 'op': 0, 'd': {'nonce': 'bde8add755a95e1b5859b9b0f62f6db1', 'members': [{'user': {'username': 'ultraqalif', 'public_flags': 256, 'primary_guild': None, 'id': '517631492973920257', 'global_name': 'UltraQalif', 'display_name': 'UltraQalif', 'discriminator': '0', 'collectibles': None, 'clan': None, 'bot': False, 'avatar_decoration_data': None, 'avatar': 'e27147776aa09bcb4d63425f2a1c7560'}, 'roles': [], 'premium_since': None, 'pending': False, 'nick': None, 'mute': False, 'joined_at': '2023-02-07T16:42:45.522000+00:00', 'flags': 0, 'deaf': False, 'communication_disabled_until': None, 'banner': None, 'avatar': None}, {'user': {'username': 'rargoz', 'public_flags': 0, 'primary_guild': None, 'id': '669138482396004362', 'global_name': 'rargoz', 'display_name': 'rargoz', 'discriminator': '0', 'collectibles': None, 'clan': None, 'bot': False, 'avatar_decoration_data': None, 'avatar': '07ec2755391bb18bf3658bae58dedb75'}, 'roles': ['1373954060998279260'], 'premium_since': None, 'pending': False, 'nick': None, 'mute': False, 'joined_at': '2023-02-07T16:41:57.547000+00:00', 'flags': 0, 'deaf': False, 'communication_disabled_until': None, 'banner': None, 'avatar': None}, {'user': {'username': 'GEEK Music', 'public_flags': 65536, 'primary_guild': None, 'id': '971868710237274174', 'global_name': None, 'display_name': None, 'discriminator': '1291', 'collectibles': None, 'clan': None, 'bot': True, 'avatar_decoration_data': None, 'avatar': '818a35d191d40f783c3be1f4cfd42a34'}, 'roles': ['1307375264917098506'], 'premium_since': None, 'pending': False, 'nick': None, 'mute': False, 'joined_at': '2024-11-16T16:02:33.035000+00:00', 'flags': 0, 'deaf': False, 'communication_disabled_until': None, 'banner': None, 'avatar': None}, {'user': {'username': 'Borgaz FM', 'public_flags': 0, 'primary_guild': None, 'id': '1307371626815422474', 'global_name': None, 'display_name': None, 'discriminator': '4863', 'collectibles': None, 'clan': None, 'bot': True, 'avatar_decoration_data': None, 'avatar': '00041fa40deff82919063e1824d0b619'}, 'roles': ['1307372050121494561'], 'premium_since': None, 'pending': False, 'nick': None, 'mute': False, 'joined_at': '2024-11-16T15:49:46.691000+00:00', 'flags': 0, 'deaf': False, 'communication_disabled_until': None, 'banner': None, 'avatar': None}, {'user': {'username': 'Jack Bot', 'public_flags': 0, 'primary_guild': None, 'id': '1373946304861966347', 'global_name': None, 'display_name': None, 'discriminator': '8208', 'collectibles': None, 'clan': None, 'bot': True, 'avatar_decoration_data': None, 'avatar': 'a8e885223f24d5ba156d55257a5630f5'}, 'roles': ['1373947908541513811'], 'premium_since': None, 'pending': False, 'nick': None, 'mute': False, 'joined_at': '2025-05-19T08:58:28.182664+00:00', 'flags': 0, 'deaf': False, 'communication_disabled_until': None, 'banner': None, 'avatar': None}], 'guild_id': '1072557845494644866', 'chunk_index': 0, 'chunk_count': 1}}
[2025-05-19 21:34:11] [DEBUG   ] discord.client: Dispatching event socket_event_type
[2025-05-19 21:34:11] [DEBUG   ] discord.state: Processed a chunk for 5 members in guild ID 1072557845494644866.
[2025-05-19 21:34:13] [DEBUG   ] discord.client: Dispatching event guild_available
[2025-05-19 21:34:13] [DEBUG   ] discord.client: Dispatching event ready
[2025-05-19 21:34:19] [DEBUG   ] discord.gateway: For Shard ID None: WebSocket Event: {'t': 'VOICE_STATE_UPDATE', 's': 4, 'op': 0, 'd': {'member': {'user': {'username': 'rargoz', 'public_flags': 0, 'primary_guild': None, 'id': '669138482396004362', 'global_name': 'rargoz', 'display_name': 'rargoz', 'discriminator': '0', 'collectibles': None, 'clan': None, 'bot': False, 'avatar_decoration_data': None, 'avatar': '07ec2755391bb18bf3658bae58dedb75'}, 'roles': ['1373954060998279260'], 'premium_since': None, 'pending': False, 'nick': None, 'mute': False, 'joined_at': '2023-02-07T16:41:57.547000+00:00', 'flags': 0, 'deaf': False, 'communication_disabled_until': None, 'banner': None, 'avatar': None}, 'user_id': '669138482396004362', 'suppress': False, 'session_id': '5f6c0d78423ec8cf6a5aded96d430919', 'self_video': False, 'self_mute': False, 'self_deaf': False, 'request_to_speak_timestamp': None, 'mute': False, 'guild_id': '1072557845494644866', 'discoverable': True, 'deaf': False, 'channel_id': '1072557845972799528'}}
[2025-05-19 21:34:19] [DEBUG   ] discord.client: Dispatching event socket_event_type
[2025-05-19 21:34:19] [DEBUG   ] discord.client: Dispatching event voice_state_update
[2025-05-19 21:34:23] [DEBUG   ] discord.gateway: For Shard ID None: WebSocket Event: {'t': 'TYPING_START', 's': 5, 'op': 0, 'd': {'user_id': '669138482396004362', 'timestamp': 1747661663, 'member': {'user': {'username': 'rargoz', 'public_flags': 0, 'primary_guild': None, 'id': '669138482396004362', 'global_name': 'rargoz', 'display_name': 'rargoz', 'discriminator': '0', 'collectibles': None, 'clan': None, 'bot': False, 'avatar_decoration_data': None, 'avatar': '07ec2755391bb18bf3658bae58dedb75'}, 'roles': ['1373954060998279260'], 'premium_since': None, 'pending': False, 'nick': None, 'mute': False, 'joined_at': '2023-02-07T16:41:57.547000+00:00', 'flags': 0, 'deaf': False, 'communication_disabled_until': None, 'banner': None, 'avatar': None}, 'channel_id': '1072557845494644868', 'guild_id': '1072557845494644866'}}
[2025-05-19 21:34:23] [DEBUG   ] discord.client: Dispatching event socket_event_type
[2025-05-19 21:34:23] [DEBUG   ] discord.client: Dispatching event typing
[2025-05-19 21:34:23] [DEBUG   ] discord.client: Dispatching event raw_typing
[2025-05-19 21:34:25] [DEBUG   ] discord.gateway: For Shard ID None: WebSocket Event: {'t': 'MESSAGE_CREATE', 's': 6, 'op': 0, 'd': {'type': 0, 'tts': False, 'timestamp': '2025-05-19T13:34:25.972000+00:00', 'pinned': False, 'nonce': '1374017352655437824', 'mentions': [], 'mention_roles': [], 'mention_everyone': False, 'member': {'roles': ['1373954060998279260'], 'premium_since': None, 'pending': False, 'nick': None, 'mute': False, 'joined_at': '2023-02-07T16:41:57.547000+00:00', 'flags': 0, 'deaf': False, 'communication_disabled_until': None, 'banner': None, 'avatar': None}, 'id': '1374017357231685747', 'flags': 0, 'embeds': [], 'edited_timestamp': None, 'content': '!play in the night', 'components': [], 'channel_type': 0, 'channel_id': '1072557845494644868', 'author': {'username': 'rargoz', 'public_flags': 0, 'primary_guild': None, 'id': '669138482396004362', 'global_name': 'rargoz', 'discriminator': '0', 'collectibles': None, 'clan': None, 'avatar_decoration_data': None, 'avatar': '07ec2755391bb18bf3658bae58dedb75'}, 'attachments': [], 'guild_id': '1072557845494644866'}}
[2025-05-19 21:34:25] [DEBUG   ] discord.client: Dispatching event socket_event_type
[2025-05-19 21:34:25] [DEBUG   ] discord.client: Dispatching event message
[2025-05-19 21:34:25] [DEBUG   ] discord.client: Dispatching event command
[2025-05-19 21:34:32] [DEBUG   ] discord.gateway: For Shard ID None: WebSocket Event: {'t': 'MESSAGE_CREATE', 's': 7, 'op': 0, 'd': {'type': 0, 'tts': False, 'timestamp': '2025-05-19T13:34:32.827000+00:00', 'pinned': False, 'nonce': '14614859854074766801', 'mentions': [], 'mention_roles': [], 'mention_everyone': False, 'member': {'roles': ['1373947908541513811'], 'premium_since': None, 'pending': False, 'nick': None, 'mute': False, 'joined_at': '2025-05-19T08:58:28.182664+00:00', 'flags': 0, 'deaf': False, 'communication_disabled_until': None, 'banner': None, 'avatar': None}, 'id': '1374017385983381534', 'flags': 0, 'embeds': [], 'edited_timestamp': None, 'content': 'üé∂ Added to queue: **In The Night - Fly By Midnight (Official Lyric Video)**', 'components': [], 'channel_type': 0, 'channel_id': '1072557845494644868', 'author': {'username': 'Jack Bot', 'public_flags': 0, 'primary_guild': None, 'id': '1373946304861966347', 'global_name': None, 'discriminator': '8208', 'collectibles': None, 'clan': None, 'bot': True, 'avatar_decoration_data': None, 'avatar': 'a8e885223f24d5ba156d55257a5630f5'}, 'attachments': [], 'guild_id': '1072557845494644866'}}
[2025-05-19 21:34:32] [DEBUG   ] discord.client: Dispatching event socket_event_type
[2025-05-19 21:34:32] [DEBUG   ] discord.client: Dispatching event message
[2025-05-19 21:34:32] [DEBUG   ] discord.http: POST https://discord.com/api/v10/channels/1072557845494644868/messages with {"content":"\ud83c\udfb6 Added to queue: **In The Night - Fly By Midnight (Official Lyric Video)**","components":[],"nonce":"14614859854074766801","enforce_nonce":true,"tts":false} has returned 200
[2025-05-19 21:34:32] [DEBUG   ] discord.http: POST /channels/{channel_id}/messages has found its initial rate limit bucket hash (3df15bae86f6647dd4dfcbd5c6949480).
[2025-05-19 21:34:32] [DEBUG   ] discord.http: POST https://discord.com/api/v10/channels/1072557845494644868/messages has received {'type': 0, 'content': 'üé∂ Added to queue: **In The Night - Fly By Midnight (Official Lyric Video)**', 'mentions': [], 'mention_roles': [], 'attachments': [], 'embeds': [], 'timestamp': '2025-05-19T13:34:32.827000+00:00', 'edited_timestamp': None, 'flags': 0, 'components': [], 'id': '1374017385983381534', 'channel_id': '1072557845494644868', 'author': {'id': '1373946304861966347', 'username': 'Jack Bot', 'avatar': 'a8e885223f24d5ba156d55257a5630f5', 'discriminator': '8208', 'public_flags': 0, 'flags': 0, 'bot': True, 'banner': None, 'accent_color': None, 'global_name': None, 'avatar_decoration_data': None, 'collectibles': None, 'banner_color': None, 'clan': None, 'primary_guild': None}, 'pinned': False, 'mention_everyone': False, 'tts': False, 'nonce': '14614859854074766801'}
[2025-05-19 21:34:32] [INFO    ] discord.voice_state: Connecting to voice...
[2025-05-19 21:34:32] [INFO    ] discord.voice_state: Starting voice handshake... (connection attempt 1)
[2025-05-19 21:34:32] [DEBUG   ] discord.gateway: Updating our voice state to {'op': 4, 'd': {'guild_id': 1072557845494644866, 'channel_id': 1072557845972799528, 'self_mute': False, 'self_deaf': False}}.
[2025-05-19 21:34:32] [DEBUG   ] discord.voice_state: Connection state changed to set_guild_voice_state
[2025-05-19 21:34:32] [DEBUG   ] discord.gateway: For Shard ID None: WebSocket Event: {'t': 'VOICE_STATE_UPDATE', 's': 8, 'op': 0, 'd': {'member': {'user': {'username': 'Jack Bot', 'public_flags': 0, 'primary_guild': None, 'id': '1373946304861966347', 'global_name': None, 'display_name': None, 'discriminator': '8208', 'collectibles': None, 'clan': None, 'bot': True, 'avatar_decoration_data': None, 'avatar': 'a8e885223f24d5ba156d55257a5630f5'}, 'roles': ['1373947908541513811'], 'premium_since': None, 'pending': False, 'nick': None, 'mute': False, 'joined_at': '2025-05-19T08:58:28.182664+00:00', 'flags': 0, 'deaf': False, 'communication_disabled_until': None, 'banner': None, 'avatar': None}, 'user_id': '1373946304861966347', 'suppress': False, 'session_id': '0a7754caa6b91d71b388087977612f8c', 'self_video': False, 'self_mute': False, 'self_deaf': False, 'request_to_speak_timestamp': None, 'mute': False, 'guild_id': '1072557845494644866', 'deaf': False, 'channel_id': '1072557845972799528'}}
[2025-05-19 21:34:32] [DEBUG   ] discord.client: Dispatching event socket_event_type
[2025-05-19 21:34:32] [DEBUG   ] discord.client: Dispatching event voice_state_update
[2025-05-19 21:34:32] [DEBUG   ] discord.voice_state: Connection state changed to got_voice_state_update
[2025-05-19 21:34:32] [DEBUG   ] discord.gateway: For Shard ID None: WebSocket Event: {'t': 'VOICE_SERVER_UPDATE', 's': 9, 'op': 0, 'd': {'token': 'e6d9ddff91e13878', 'guild_id': '1072557845494644866', 'endpoint': 'hongkong11025.discord.media:443'}}
[2025-05-19 21:34:32] [DEBUG   ] discord.client: Dispatching event socket_event_type
[2025-05-19 21:34:32] [DEBUG   ] discord.voice_state: Connection state changed to got_both_voice_updates
[2025-05-19 21:34:32] [INFO    ] discord.voice_state: Voice handshake complete. Endpoint found: hongkong11025.discord.media
[2025-05-19 21:34:33] [DEBUG   ] discord.gateway: Sending voice websocket frame: {'op': 0, 'd': {'server_id': '1072557845494644866', 'user_id': '1373946304861966347', 'session_id': '0a7754caa6b91d71b388087977612f8c', 'token': 'e6d9ddff91e13878'}}.
[2025-05-19 21:34:33] [DEBUG   ] discord.voice_state: Connection state changed to websocket_connected
[2025-05-19 21:34:33] [DEBUG   ] discord.gateway: Voice websocket frame received: {'op': 8, 'd': {'v': 4, 'heartbeat_interval': 13750.0}}
[2025-05-19 21:34:33] [DEBUG   ] discord.gateway: Voice websocket frame received: {'op': 2, 'd': {'streams': [{'type': 'video', 'ssrc': 52336, 'rtx_ssrc': 52337, 'rid': '', 'quality': 0, 'active': False}], 'ssrc': 52335, 'port': 50005, 'modes': ['aead_aes256_gcm_rtpsize', 'aead_aes256_gcm', 'aead_xchacha20_poly1305_rtpsize', 'xsalsa20_poly1305_lite_rtpsize', 'xsalsa20_poly1305_lite', 'xsalsa20_poly1305_suffix', 'xsalsa20_poly1305'], 'ip': '35.215.182.186', 'experiments': ['fixed_keyframe_interval']}}
[2025-05-19 21:34:33] [DEBUG   ] discord.gateway: Connecting to voice socket
[2025-05-19 21:34:33] [DEBUG   ] discord.gateway: Sending ip discovery packet
[2025-05-19 21:34:33] [DEBUG   ] discord.voice_state: Registering socket listener callback <function DiscordVoiceWebSocket.discover_ip.<locals>.get_ip_packet at 0x00000218E3CFB1A0>
[2025-05-19 21:34:33] [DEBUG   ] discord.voice_state: Unregistering socket listener callback <function DiscordVoiceWebSocket.discover_ip.<locals>.get_ip_packet at 0x00000218E3CFB1A0>
[2025-05-19 21:34:33] [DEBUG   ] discord.gateway: Received ip discovery packet: b'\x00\x02\x00F\x00\x00\xcco183.171.143.50\x00\x00\x00\x00\x00\x00\x00\x00\x00\x00\x00\x00\x00\x00\x00\x00\x00\x00\x00\x00\x00\x00\x00\x00\x00\x00\x00\x00\x00\x00\x00\x00\x00\x00\x00\x00\x00\x00\x00\x00\x00\x00\x00\x00\x00\x00\x00\x00\x00\x00\x05\xd8'
[2025-05-19 21:34:33] [DEBUG   ] discord.gateway: detected ip: 183.171.143.50 port: 1496
[2025-05-19 21:34:33] [DEBUG   ] discord.gateway: received supported encryption modes: aead_xchacha20_poly1305_rtpsize, xsalsa20_poly1305_lite, xsalsa20_poly1305_suffix, xsalsa20_poly1305
[2025-05-19 21:34:33] [DEBUG   ] discord.gateway: Sending voice websocket frame: {'op': 1, 'd': {'protocol': 'udp', 'data': {'address': '183.171.143.50', 'port': 1496, 'mode': 'aead_xchacha20_poly1305_rtpsize'}}}.
[2025-05-19 21:34:33] [DEBUG   ] discord.gateway: selected the voice protocol for use (aead_xchacha20_poly1305_rtpsize)
[2025-05-19 21:34:33] [DEBUG   ] discord.voice_state: Connection state changed to got_ip_discovery
[2025-05-19 21:34:33] [DEBUG   ] discord.gateway: Voice websocket frame received: {'op': 11, 'd': {'user_ids': ['669138482396004362']}}
[2025-05-19 21:34:33] [DEBUG   ] discord.gateway: Voice websocket frame received: {'op': 18, 'd': {'user_id': '669138482396004362', 'flags': 2}}
[2025-05-19 21:34:33] [DEBUG   ] discord.gateway: Voice websocket frame received: {'op': 20, 'd': {'user_id': '669138482396004362', 'platform': 0}}
[2025-05-19 21:34:33] [DEBUG   ] discord.gateway: Voice websocket frame received: {'op': 4, 'd': {'video_codec': 'H264', 'secure_frames_version': 0, 'secret_key': [135, 92, 214, 70, 230, 136, 47, 131, 60, 224, 83, 95, 23, 177, 136, 22, 233, 99, 78, 35, 238, 6, 225, 160, 237, 240, 102, 133, 232, 253, 98, 43], 'mode': 'aead_xchacha20_poly1305_rtpsize', 'media_session_id': '973fd632f7e14760935a612178978c5a', 'dave_protocol_version': 0, 'audio_codec': 'opus'}}
[2025-05-19 21:34:33] [DEBUG   ] discord.gateway: received secret key for voice connection
[2025-05-19 21:34:33] [DEBUG   ] discord.gateway: Sending voice websocket frame: {'op': 5, 'd': {'speaking': 0, 'delay': 0, 'ssrc': 52335}}.
[2025-05-19 21:34:33] [DEBUG   ] discord.voice_state: Connection state changed to connected
[2025-05-19 21:34:33] [INFO    ] discord.voice_state: Voice connection complete.
[2025-05-19 21:34:33] [DEBUG   ] discord.gateway: For Shard ID None: WebSocket Event: {'t': 'MESSAGE_CREATE', 's': 10, 'op': 0, 'd': {'type': 0, 'tts': False, 'timestamp': '2025-05-19T13:34:34.323000+00:00', 'pinned': False, 'nonce': '3398774653453056585', 'mentions': [], 'mention_roles': [], 'mention_everyone': False, 'member': {'roles': ['1373947908541513811'], 'premium_since': None, 'pending': False, 'nick': None, 'mute': False, 'joined_at': '2025-05-19T08:58:28.182664+00:00', 'flags': 0, 'deaf': False, 'communication_disabled_until': None, 'banner': None, 'avatar': None}, 'id': '1374017392258322432', 'flags': 0, 'embeds': [], 'edited_timestamp': None, 'content': 'üéß Now playing: **In The Night - Fly By Midnight (Official Lyric Video)**', 'components': [], 'channel_type': 0, 'channel_id': '1072557845494644868', 'author': {'username': 'Jack Bot', 'public_flags': 0, 'primary_guild': None, 'id': '1373946304861966347', 'global_name': None, 'discriminator': '8208', 'collectibles': None, 'clan': None, 'bot': True, 'avatar_decoration_data': None, 'avatar': 'a8e885223f24d5ba156d55257a5630f5'}, 'attachments': [], 'guild_id': '1072557845494644866'}}
[2025-05-19 21:34:33] [DEBUG   ] discord.client: Dispatching event socket_event_type
[2025-05-19 21:34:33] [DEBUG   ] discord.client: Dispatching event message
[2025-05-19 21:34:33] [DEBUG   ] discord.http: POST https://discord.com/api/v10/channels/1072557845494644868/messages with {"content":"\ud83c\udfa7 Now playing: **In The Night - Fly By Midnight (Official Lyric Video)**","components":[],"nonce":"3398774653453056585","enforce_nonce":true,"tts":false} has returned 200
[2025-05-19 21:34:33] [DEBUG   ] discord.http: POST https://discord.com/api/v10/channels/1072557845494644868/messages has received {'type': 0, 'content': 'üéß Now playing: **In The Night - Fly By Midnight (Official Lyric Video)**', 'mentions': [], 'mention_roles': [], 'attachments': [], 'embeds': [], 'timestamp': '2025-05-19T13:34:34.323000+00:00', 'edited_timestamp': None, 'flags': 0, 'components': [], 'id': '1374017392258322432', 'channel_id': '1072557845494644868', 'author': {'id': '1373946304861966347', 'username': 'Jack Bot', 'avatar': 'a8e885223f24d5ba156d55257a5630f5', 'discriminator': '8208', 'public_flags': 0, 'flags': 0, 'bot': True, 'banner': None, 'accent_color': None, 'global_name': None, 'avatar_decoration_data': None, 'collectibles': None, 'banner_color': None, 'clan': None, 'primary_guild': None}, 'pinned': False, 'mention_everyone': False, 'tts': False, 'nonce': '3398774653453056585'}
[2025-05-19 21:34:33] [DEBUG   ] discord.player: Spawning ffmpeg process with command: ['ffmpeg', '-reconnect', '1', '-reconnect_streamed', '1', '-reconnect_delay_max', '5', '-i', 'https://manifest.googlevideo.com/api/manifest/hls_playlist/expire/1747683270/ei/ZjMraK_FHcCW4t4PwLqw6Qo/ip/183.171.143.50/id/fde5c514e4c60f52/itag/234/source/youtube/requiressl/yes/ratebypass/yes/pfa/1/goi/133/sgoap/clen%3D3335173%3Bdur%3D206.030%3Bgir%3Dyes%3Bitag%3D140%3Blmt%3D1728125405997100/rqh/1/hls_chunk_host/rr3---sn-jxajvh-30aee.googlevideo.com/xpc/EgVo2aDSNQ%3D%3D/met/1747661670,/mh/oz/mm/31,29/mn/sn-jxajvh-30aee,sn-30a7yner/ms/au,rdu/mv/m/mvi/3/pl/24/rms/au,au/initcwndbps/460000/bui/AecWEAY7D9OkiiWNlgH5gpQbigmNly-cjzNBH2XiacWpmKCApUj8SZatM67KFlhfHCQOm9rCgQh3lAIf/spc/wk1kZmyvIfGRv4CO7W-v3wgCPnMf9u0gnuKcLuWHTNx1lYbFxYVyyL-r3A6uMwpA/vprv/1/playlist_type/DVR/dover/13/txp/5532434/mt/1747661348/fvip/5/short_key/1/keepalive/yes/fexp/51466698/sparams/expire,ei,ip,id,itag,source,requiressl,ratebypass,pfa,goi,sgoap,rqh,xpc,bui,spc,vprv,playlist_type/sig/AJfQdSswRAIgJYo4FfOpo54DADr8q3-dkubElCj9HJbATjIaiIPqkHgCIF1gNAeHpdHiwlE2mkVwe9xoyjEp6QY2taIxnaWtxJyM/lsparams/hls_chunk_host,met,mh,mm,mn,ms,mv,mvi,pl,rms,initcwndbps/lsig/ACuhMU0wRAIgb_b5bthYW_moCs2wd5l3Cl0FtdVSbIEcp6aMzF4MBHUCIDAqjUG-11BQTrnv6VSsorEMCY4Yb8npEh8cFb5LEmDg/playlist/index.m3u8', '-f', 's16le', '-ar', '48000', '-ac', '2', '-loglevel', 'warning', '-blocksize', '8192', '-vn', 'pipe:1']
[2025-05-19 21:34:33] [DEBUG   ] discord.gateway: Sending voice websocket frame: {'op': 5, 'd': {'speaking': 1, 'delay': 0, 'ssrc': 52335}}.
[2025-05-19 21:34:35] [DEBUG   ] discord.gateway: Sending voice websocket frame: {'op': 5, 'd': {'speaking': 0, 'delay': 0, 'ssrc': 52335}}.
[2025-05-19 21:34:35] [DEBUG   ] discord.player: Preparing to terminate ffmpeg process 23888.
[2025-05-19 21:34:35] [INFO    ] discord.player: ffmpeg process 23888 successfully terminated with return code of 3199971767.
[2025-05-19 21:34:35] [INFO    ] discord.voice_state: The voice handshake is being terminated for Channel ID 1072557845972799528 (Guild ID 1072557845494644866)
[2025-05-19 21:34:35] [DEBUG   ] discord.voice_state: Connection state changed to disconnected
[2025-05-19 21:34:35] [DEBUG   ] discord.gateway: Updating our voice state to {'op': 4, 'd': {'guild_id': 1072557845494644866, 'channel_id': None, 'self_mute': False, 'self_deaf': False}}.
[2025-05-19 21:34:35] [DEBUG   ] discord.gateway: Received voice WSMessage(type=<WSMsgType.CLOSING: 256>, data=None, extra=None)
[2025-05-19 21:34:35] [DEBUG   ] discord.gateway: Sending voice websocket frame: {'op': 5, 'd': {'speaking': 0, 'delay': 0, 'ssrc': 52335}}.
[2025-05-19 21:34:35] [DEBUG   ] discord.gateway: For Shard ID None: WebSocket Event: {'t': 'VOICE_STATE_UPDATE', 's': 11, 'op': 0, 'd': {'member': {'user': {'username': 'Jack Bot', 'public_flags': 0, 'primary_guild': None, 'id': '1373946304861966347', 'global_name': None, 'display_name': None, 'discriminator': '8208', 'collectibles': None, 'clan': None, 'bot': True, 'avatar_decoration_data': None, 'avatar': 'a8e885223f24d5ba156d55257a5630f5'}, 'roles': ['1373947908541513811'], 'premium_since': None, 'pending': False, 'nick': None, 'mute': False, 'joined_at': '2025-05-19T08:58:28.182664+00:00', 'flags': 0, 'deaf': False, 'communication_disabled_until': None, 'banner': None, 'avatar': None}, 'user_id': '1373946304861966347', 'suppress': False, 'session_id': '0a7754caa6b91d71b388087977612f8c', 'self_video': False, 'self_mute': False, 'self_deaf': False, 'request_to_speak_timestamp': None, 'mute': False, 'guild_id': '1072557845494644866', 'deaf': False, 'channel_id': None}}
[2025-05-19 21:34:35] [DEBUG   ] discord.client: Dispatching event socket_event_type
[2025-05-19 21:34:35] [DEBUG   ] discord.client: Dispatching event voice_state_update
[2025-05-19 21:34:35] [DEBUG   ] discord.client: Dispatching event command_completion
[2025-05-19 21:34:52] [DEBUG   ] discord.gateway: Keeping shard ID None websocket alive with sequence 11.
[2025-05-19 21:34:52] [DEBUG   ] discord.gateway: For Shard ID None: WebSocket Event: {'t': None, 's': None, 'op': 11, 'd': None}
[2025-05-19 21:35:04] [DEBUG   ] discord.gateway: For Shard ID None: WebSocket Event: {'t': 'TYPING_START', 's': 12, 'op': 0, 'd': {'user_id': '669138482396004362', 'timestamp': 1747661705, 'member': {'user': {'username': 'rargoz', 'public_flags': 0, 'primary_guild': None, 'id': '669138482396004362', 'global_name': 'rargoz', 'display_name': 'rargoz', 'discriminator': '0', 'collectibles': None, 'clan': None, 'bot': False, 'avatar_decoration_data': None, 'avatar': '07ec2755391bb18bf3658bae58dedb75'}, 'roles': ['1373954060998279260'], 'premium_since': None, 'pending': False, 'nick': None, 'mute': False, 'joined_at': '2023-02-07T16:41:57.547000+00:00', 'flags': 0, 'deaf': False, 'communication_disabled_until': None, 'banner': None, 'avatar': None}, 'channel_id': '1072557845494644868', 'guild_id': '1072557845494644866'}}
[2025-05-19 21:35:04] [DEBUG   ] discord.client: Dispatching event socket_event_type
[2025-05-19 21:35:04] [DEBUG   ] discord.client: Dispatching event typing
[2025-05-19 21:35:04] [DEBUG   ] discord.client: Dispatching event raw_typing
[2025-05-19 21:35:11] [DEBUG   ] discord.gateway: For Shard ID None: WebSocket Event: {'t': 'MESSAGE_CREATE', 's': 13, 'op': 0, 'd': {'type': 0, 'tts': False, 'timestamp': '2025-05-19T13:35:12.267000+00:00', 'pinned': False, 'nonce': '1374017547199840256', 'mentions': [], 'mention_roles': [], 'mention_everyone': False, 'member': {'roles': ['1373954060998279260'], 'premium_since': None, 'pending': False, 'nick': None, 'mute': False, 'joined_at': '2023-02-07T16:41:57.547000+00:00', 'flags': 0, 'deaf': False, 'communication_disabled_until': None, 'banner': None, 'avatar': None}, 'id': '1374017551406993479', 'flags': 0, 'embeds': [], 'edited_timestamp': None, 'content': '!hello', 'components': [], 'channel_type': 0, 'channel_id': '1072557845494644868', 'author': {'username': 'rargoz', 'public_flags': 0, 'primary_guild': None, 'id': '669138482396004362', 'global_name': 'rargoz', 'discriminator': '0', 'collectibles': None, 'clan': None, 'avatar_decoration_data': None, 'avatar': '07ec2755391bb18bf3658bae58dedb75'}, 'attachments': [], 'guild_id': '1072557845494644866'}}
[2025-05-19 21:35:11] [DEBUG   ] discord.client: Dispatching event socket_event_type
[2025-05-19 21:35:11] [DEBUG   ] discord.client: Dispatching event message
[2025-05-19 21:35:11] [DEBUG   ] discord.client: Dispatching event command_error
[2025-05-19 21:35:11] [ERROR   ] discord.ext.commands.bot: Ignoring exception in command None
discord.ext.commands.errors.CommandNotFound: Command "hello" is not found
[2025-05-19 21:35:17] [DEBUG   ] discord.gateway: For Shard ID None: WebSocket Event: {'t': 'TYPING_START', 's': 14, 'op': 0, 'd': {'user_id': '669138482396004362', 'timestamp': 1747661717, 'member': {'user': {'username': 'rargoz', 'public_flags': 0, 'primary_guild': None, 'id': '669138482396004362', 'global_name': 'rargoz', 'display_name': 'rargoz', 'discriminator': '0', 'collectibles': None, 'clan': None, 'bot': False, 'avatar_decoration_data': None, 'avatar': '07ec2755391bb18bf3658bae58dedb75'}, 'roles': ['1373954060998279260'], 'premium_since': None, 'pending': False, 'nick': None, 'mute': False, 'joined_at': '2023-02-07T16:41:57.547000+00:00', 'flags': 0, 'deaf': False, 'communication_disabled_until': None, 'banner': None, 'avatar': None}, 'channel_id': '1072557845494644868', 'guild_id': '1072557845494644866'}}
[2025-05-19 21:35:17] [DEBUG   ] discord.client: Dispatching event socket_event_type
[2025-05-19 21:35:17] [DEBUG   ] discord.client: Dispatching event typing
[2025-05-19 21:35:17] [DEBUG   ] discord.client: Dispatching event raw_typing
[2025-05-19 21:35:17] [DEBUG   ] discord.gateway: For Shard ID None: WebSocket Event: {'t': 'MESSAGE_CREATE', 's': 15, 'op': 0, 'd': {'type': 0, 'tts': False, 'timestamp': '2025-05-19T13:35:17.772000+00:00', 'pinned': False, 'nonce': '1374017570847326208', 'mentions': [], 'mention_roles': [], 'mention_everyone': False, 'member': {'roles': ['1373954060998279260'], 'premium_since': None, 'pending': False, 'nick': None, 'mute': False, 'joined_at': '2023-02-07T16:41:57.547000+00:00', 'flags': 0, 'deaf': False, 'communication_disabled_until': None, 'banner': None, 'avatar': None}, 'id': '1374017574496501801', 'flags': 0, 'embeds': [], 'edited_timestamp': None, 'content': '!hallo', 'components': [], 'channel_type': 0, 'channel_id': '1072557845494644868', 'author': {'username': 'rargoz', 'public_flags': 0, 'primary_guild': None, 'id': '669138482396004362', 'global_name': 'rargoz', 'discriminator': '0', 'collectibles': None, 'clan': None, 'avatar_decoration_data': None, 'avatar': '07ec2755391bb18bf3658bae58dedb75'}, 'attachments': [], 'guild_id': '1072557845494644866'}}
[2025-05-19 21:35:17] [DEBUG   ] discord.client: Dispatching event socket_event_type
[2025-05-19 21:35:17] [DEBUG   ] discord.client: Dispatching event message
[2025-05-19 21:35:17] [DEBUG   ] discord.client: Dispatching event command
[2025-05-19 21:35:18] [DEBUG   ] discord.gateway: For Shard ID None: WebSocket Event: {'t': 'MESSAGE_CREATE', 's': 16, 'op': 0, 'd': {'type': 0, 'tts': False, 'timestamp': '2025-05-19T13:35:18.320000+00:00', 'pinned': False, 'nonce': '7265224191177511658', 'mentions': [], 'mention_roles': [], 'mention_everyone': False, 'member': {'roles': ['1373947908541513811'], 'premium_since': None, 'pending': False, 'nick': None, 'mute': False, 'joined_at': '2025-05-19T08:58:28.182664+00:00', 'flags': 0, 'deaf': False, 'communication_disabled_until': None, 'banner': None, 'avatar': None}, 'id': '1374017576794980476', 'flags': 0, 'embeds': [], 'edited_timestamp': None, 'content': 'Whats up ma nigga, rargoz!', 'components': [], 'channel_type': 0, 'channel_id': '1072557845494644868', 'author': {'username': 'Jack Bot', 'public_flags': 0, 'primary_guild': None, 'id': '1373946304861966347', 'global_name': None, 'discriminator': '8208', 'collectibles': None, 'clan': None, 'bot': True, 'avatar_decoration_data': None, 'avatar': 'a8e885223f24d5ba156d55257a5630f5'}, 'attachments': [], 'guild_id': '1072557845494644866'}}
[2025-05-19 21:35:18] [DEBUG   ] discord.client: Dispatching event socket_event_type
[2025-05-19 21:35:18] [DEBUG   ] discord.client: Dispatching event message
[2025-05-19 21:35:18] [DEBUG   ] discord.http: POST https://discord.com/api/v10/channels/1072557845494644868/messages with {"content":"Whats up ma nigga, rargoz!","components":[],"nonce":"7265224191177511658","enforce_nonce":true,"tts":false} has returned 200
[2025-05-19 21:35:18] [DEBUG   ] discord.http: POST https://discord.com/api/v10/channels/1072557845494644868/messages has received {'type': 0, 'content': 'Whats up ma nigga, rargoz!', 'mentions': [], 'mention_roles': [], 'attachments': [], 'embeds': [], 'timestamp': '2025-05-19T13:35:18.320000+00:00', 'edited_timestamp': None, 'flags': 0, 'components': [], 'id': '1374017576794980476', 'channel_id': '1072557845494644868', 'author': {'id': '1373946304861966347', 'username': 'Jack Bot', 'avatar': 'a8e885223f24d5ba156d55257a5630f5', 'discriminator': '8208', 'public_flags': 0, 'flags': 0, 'bot': True, 'banner': None, 'accent_color': None, 'global_name': None, 'avatar_decoration_data': None, 'collectibles': None, 'banner_color': None, 'clan': None, 'primary_guild': None}, 'pinned': False, 'mention_everyone': False, 'tts': False, 'nonce': '7265224191177511658'}
[2025-05-19 21:35:18] [DEBUG   ] discord.client: Dispatching event command_completion
[2025-05-19 21:35:33] [DEBUG   ] discord.gateway: Keeping shard ID None websocket alive with sequence 16.
[2025-05-19 21:35:34] [DEBUG   ] discord.gateway: For Shard ID None: WebSocket Event: {'t': None, 's': None, 'op': 11, 'd': None}
[2025-05-19 21:36:07] [DEBUG   ] discord.gateway: For Shard ID None: WebSocket Event: {'t': 'TYPING_START', 's': 17, 'op': 0, 'd': {'user_id': '669138482396004362', 'timestamp': 1747661767, 'member': {'user': {'username': 'rargoz', 'public_flags': 0, 'primary_guild': None, 'id': '669138482396004362', 'global_name': 'rargoz', 'display_name': 'rargoz', 'discriminator': '0', 'collectibles': None, 'clan': None, 'bot': False, 'avatar_decoration_data': None, 'avatar': '07ec2755391bb18bf3658bae58dedb75'}, 'roles': ['1373954060998279260'], 'premium_since': None, 'pending': False, 'nick': None, 'mute': False, 'joined_at': '2023-02-07T16:41:57.547000+00:00', 'flags': 0, 'deaf': False, 'communication_disabled_until': None, 'banner': None, 'avatar': None}, 'channel_id': '1072557845494644868', 'guild_id': '1072557845494644866'}}
[2025-05-19 21:36:07] [DEBUG   ] discord.client: Dispatching event socket_event_type
[2025-05-19 21:36:07] [DEBUG   ] discord.client: Dispatching event typing
[2025-05-19 21:36:07] [DEBUG   ] discord.client: Dispatching event raw_typing
[2025-05-19 21:36:10] [DEBUG   ] discord.gateway: For Shard ID None: WebSocket Event: {'t': 'MESSAGE_CREATE', 's': 18, 'op': 0, 'd': {'type': 0, 'tts': False, 'timestamp': '2025-05-19T13:36:10.874000+00:00', 'pinned': False, 'nonce': '1374017793044774912', 'mentions': [], 'mention_roles': [], 'mention_everyone': False, 'member': {'roles': ['1373954060998279260'], 'premium_since': None, 'pending': False, 'nick': None, 'mute': False, 'joined_at': '2023-02-07T16:41:57.547000+00:00', 'flags': 0, 'deaf': False, 'communication_disabled_until': None, 'banner': None, 'avatar': None}, 'id': '1374017797222436944', 'flags': 0, 'embeds': [], 'edited_timestamp': None, 'content': '!play thick of it', 'components': [], 'channel_type': 0, 'channel_id': '1072557845494644868', 'author': {'username': 'rargoz', 'public_flags': 0, 'primary_guild': None, 'id': '669138482396004362', 'global_name': 'rargoz', 'discriminator': '0', 'collectibles': None, 'clan': None, 'avatar_decoration_data': None, 'avatar': '07ec2755391bb18bf3658bae58dedb75'}, 'attachments': [], 'guild_id': '1072557845494644866'}}
[2025-05-19 21:36:10] [DEBUG   ] discord.client: Dispatching event socket_event_type
[2025-05-19 21:36:10] [DEBUG   ] discord.client: Dispatching event message
[2025-05-19 21:36:10] [DEBUG   ] discord.client: Dispatching event command
[2025-05-19 21:36:15] [DEBUG   ] discord.gateway: Keeping shard ID None websocket alive with sequence 18.
[2025-05-19 21:36:17] [DEBUG   ] discord.gateway: For Shard ID None: WebSocket Event: {'t': None, 's': None, 'op': 11, 'd': None}
[2025-05-19 21:36:17] [DEBUG   ] discord.gateway: For Shard ID None: WebSocket Event: {'t': 'MESSAGE_CREATE', 's': 19, 'op': 0, 'd': {'type': 0, 'tts': False, 'timestamp': '2025-05-19T13:36:17.758000+00:00', 'pinned': False, 'nonce': '7674138570246687616', 'mentions': [], 'mention_roles': [], 'mention_everyone': False, 'member': {'roles': ['1373947908541513811'], 'premium_since': None, 'pending': False, 'nick': None, 'mute': False, 'joined_at': '2025-05-19T08:58:28.182664+00:00', 'flags': 0, 'deaf': False, 'communication_disabled_until': None, 'banner': None, 'avatar': None}, 'id': '1374017826096021585', 'flags': 0, 'embeds': [], 'edited_timestamp': None, 'content': 'üé∂ Added to queue: **KSI - Thick Of It (feat. Trippie Redd) [Official Music Video]**', 'components': [], 'channel_type': 0, 'channel_id': '1072557845494644868', 'author': {'username': 'Jack Bot', 'public_flags': 0, 'primary_guild': None, 'id': '1373946304861966347', 'global_name': None, 'discriminator': '8208', 'collectibles': None, 'clan': None, 'bot': True, 'avatar_decoration_data': None, 'avatar': 'a8e885223f24d5ba156d55257a5630f5'}, 'attachments': [], 'guild_id': '1072557845494644866'}}
[2025-05-19 21:36:17] [DEBUG   ] discord.client: Dispatching event socket_event_type
[2025-05-19 21:36:17] [DEBUG   ] discord.client: Dispatching event message
[2025-05-19 21:36:17] [DEBUG   ] discord.http: POST https://discord.com/api/v10/channels/1072557845494644868/messages with {"content":"\ud83c\udfb6 Added to queue: **KSI - Thick Of It (feat. Trippie Redd) [Official Music Video]**","components":[],"nonce":"7674138570246687616","enforce_nonce":true,"tts":false} has returned 200
[2025-05-19 21:36:17] [DEBUG   ] discord.http: POST https://discord.com/api/v10/channels/1072557845494644868/messages has received {'type': 0, 'content': 'üé∂ Added to queue: **KSI - Thick Of It (feat. Trippie Redd) [Official Music Video]**', 'mentions': [], 'mention_roles': [], 'attachments': [], 'embeds': [], 'timestamp': '2025-05-19T13:36:17.758000+00:00', 'edited_timestamp': None, 'flags': 0, 'components': [], 'id': '1374017826096021585', 'channel_id': '1072557845494644868', 'author': {'id': '1373946304861966347', 'username': 'Jack Bot', 'avatar': 'a8e885223f24d5ba156d55257a5630f5', 'discriminator': '8208', 'public_flags': 0, 'flags': 0, 'bot': True, 'banner': None, 'accent_color': None, 'global_name': None, 'avatar_decoration_data': None, 'collectibles': None, 'banner_color': None, 'clan': None, 'primary_guild': None}, 'pinned': False, 'mention_everyone': False, 'tts': False, 'nonce': '7674138570246687616'}
[2025-05-19 21:36:17] [INFO    ] discord.voice_state: Connecting to voice...
[2025-05-19 21:36:17] [INFO    ] discord.voice_state: Starting voice handshake... (connection attempt 1)
[2025-05-19 21:36:17] [DEBUG   ] discord.gateway: Updating our voice state to {'op': 4, 'd': {'guild_id': 1072557845494644866, 'channel_id': 1072557845972799528, 'self_mute': False, 'self_deaf': False}}.
[2025-05-19 21:36:17] [DEBUG   ] discord.voice_state: Connection state changed to set_guild_voice_state
[2025-05-19 21:36:17] [DEBUG   ] discord.gateway: For Shard ID None: WebSocket Event: {'t': 'VOICE_STATE_UPDATE', 's': 20, 'op': 0, 'd': {'member': {'user': {'username': 'Jack Bot', 'public_flags': 0, 'primary_guild': None, 'id': '1373946304861966347', 'global_name': None, 'display_name': None, 'discriminator': '8208', 'collectibles': None, 'clan': None, 'bot': True, 'avatar_decoration_data': None, 'avatar': 'a8e885223f24d5ba156d55257a5630f5'}, 'roles': ['1373947908541513811'], 'premium_since': None, 'pending': False, 'nick': None, 'mute': False, 'joined_at': '2025-05-19T08:58:28.182664+00:00', 'flags': 0, 'deaf': False, 'communication_disabled_until': None, 'banner': None, 'avatar': None}, 'user_id': '1373946304861966347', 'suppress': False, 'session_id': '0a7754caa6b91d71b388087977612f8c', 'self_video': False, 'self_mute': False, 'self_deaf': False, 'request_to_speak_timestamp': None, 'mute': False, 'guild_id': '1072557845494644866', 'deaf': False, 'channel_id': '1072557845972799528'}}
[2025-05-19 21:36:17] [DEBUG   ] discord.client: Dispatching event socket_event_type
[2025-05-19 21:36:17] [DEBUG   ] discord.client: Dispatching event voice_state_update
[2025-05-19 21:36:17] [DEBUG   ] discord.voice_state: Connection state changed to got_voice_state_update
[2025-05-19 21:36:17] [DEBUG   ] discord.gateway: For Shard ID None: WebSocket Event: {'t': 'VOICE_SERVER_UPDATE', 's': 21, 'op': 0, 'd': {'token': 'baa23830932660e8', 'guild_id': '1072557845494644866', 'endpoint': 'hongkong11025.discord.media:443'}}
[2025-05-19 21:36:17] [DEBUG   ] discord.client: Dispatching event socket_event_type
[2025-05-19 21:36:17] [DEBUG   ] discord.voice_state: Connection state changed to got_both_voice_updates
[2025-05-19 21:36:17] [INFO    ] discord.voice_state: Voice handshake complete. Endpoint found: hongkong11025.discord.media
[2025-05-19 21:36:18] [DEBUG   ] discord.gateway: Sending voice websocket frame: {'op': 0, 'd': {'server_id': '1072557845494644866', 'user_id': '1373946304861966347', 'session_id': '0a7754caa6b91d71b388087977612f8c', 'token': 'baa23830932660e8'}}.
[2025-05-19 21:36:18] [DEBUG   ] discord.voice_state: Connection state changed to websocket_connected
[2025-05-19 21:36:18] [DEBUG   ] discord.gateway: Voice websocket frame received: {'op': 8, 'd': {'v': 4, 'heartbeat_interval': 13750.0}}
[2025-05-19 21:36:18] [DEBUG   ] discord.gateway: Voice websocket frame received: {'op': 2, 'd': {'streams': [{'type': 'video', 'ssrc': 52388, 'rtx_ssrc': 52389, 'rid': '', 'quality': 0, 'active': False}], 'ssrc': 52387, 'port': 50005, 'modes': ['aead_aes256_gcm_rtpsize', 'aead_aes256_gcm', 'aead_xchacha20_poly1305_rtpsize', 'xsalsa20_poly1305_lite_rtpsize', 'xsalsa20_poly1305_lite', 'xsalsa20_poly1305_suffix', 'xsalsa20_poly1305'], 'ip': '35.215.182.186', 'experiments': ['fixed_keyframe_interval']}}
[2025-05-19 21:36:18] [DEBUG   ] discord.gateway: Connecting to voice socket
[2025-05-19 21:36:18] [DEBUG   ] discord.gateway: Sending ip discovery packet
[2025-05-19 21:36:18] [DEBUG   ] discord.voice_state: Registering socket listener callback <function DiscordVoiceWebSocket.discover_ip.<locals>.get_ip_packet at 0x00000218E3E023E0>
[2025-05-19 21:36:18] [DEBUG   ] discord.voice_state: Unregistering socket listener callback <function DiscordVoiceWebSocket.discover_ip.<locals>.get_ip_packet at 0x00000218E3E023E0>
[2025-05-19 21:36:18] [DEBUG   ] discord.gateway: Received ip discovery packet: b'\x00\x02\x00F\x00\x00\xcc\xa3183.171.143.50\x00\x00\x00\x00\x00\x00\x00\x00\x00\x00\x00\x00\x00\x00\x00\x00\x00\x00\x00\x00\x00\x00\x00\x00\x00\x00\x00\x00\x00\x00\x00\x00\x00\x00\x00\x00\x00\x00\x00\x00\x00\x00\x00\x00\x00\x00\x00\x00\x00\x00\xf0\xf7'
[2025-05-19 21:36:18] [DEBUG   ] discord.gateway: detected ip: 183.171.143.50 port: 61687
[2025-05-19 21:36:18] [DEBUG   ] discord.gateway: received supported encryption modes: aead_xchacha20_poly1305_rtpsize, xsalsa20_poly1305_lite, xsalsa20_poly1305_suffix, xsalsa20_poly1305
[2025-05-19 21:36:18] [DEBUG   ] discord.gateway: Sending voice websocket frame: {'op': 1, 'd': {'protocol': 'udp', 'data': {'address': '183.171.143.50', 'port': 61687, 'mode': 'aead_xchacha20_poly1305_rtpsize'}}}.
[2025-05-19 21:36:18] [DEBUG   ] discord.gateway: selected the voice protocol for use (aead_xchacha20_poly1305_rtpsize)
[2025-05-19 21:36:18] [DEBUG   ] discord.voice_state: Connection state changed to got_ip_discovery
[2025-05-19 21:36:18] [DEBUG   ] discord.gateway: Voice websocket frame received: {'op': 11, 'd': {'user_ids': ['669138482396004362']}}
[2025-05-19 21:36:18] [DEBUG   ] discord.gateway: Voice websocket frame received: {'op': 18, 'd': {'user_id': '669138482396004362', 'flags': 2}}
[2025-05-19 21:36:18] [DEBUG   ] discord.gateway: Voice websocket frame received: {'op': 20, 'd': {'user_id': '669138482396004362', 'platform': 0}}
[2025-05-19 21:36:18] [DEBUG   ] discord.gateway: Voice websocket frame received: {'op': 4, 'd': {'video_codec': 'H264', 'secure_frames_version': 0, 'secret_key': [200, 89, 207, 25, 232, 78, 223, 200, 243, 29, 238, 128, 229, 146, 86, 168, 48, 196, 1, 200, 255, 119, 108, 46, 218, 180, 155, 95, 39, 30, 151, 86], 'mode': 'aead_xchacha20_poly1305_rtpsize', 'media_session_id': '973fd632f7e14760935a612178978c5a', 'dave_protocol_version': 0, 'audio_codec': 'opus'}}
[2025-05-19 21:36:18] [DEBUG   ] discord.gateway: received secret key for voice connection
[2025-05-19 21:36:18] [DEBUG   ] discord.gateway: Sending voice websocket frame: {'op': 5, 'd': {'speaking': 0, 'delay': 0, 'ssrc': 52387}}.
[2025-05-19 21:36:18] [DEBUG   ] discord.voice_state: Connection state changed to connected
[2025-05-19 21:36:18] [INFO    ] discord.voice_state: Voice connection complete.
[2025-05-19 21:36:18] [DEBUG   ] discord.gateway: For Shard ID None: WebSocket Event: {'t': 'MESSAGE_CREATE', 's': 22, 'op': 0, 'd': {'type': 0, 'tts': False, 'timestamp': '2025-05-19T13:36:19.187000+00:00', 'pinned': False, 'nonce': '15018128087726240427', 'mentions': [], 'mention_roles': [], 'mention_everyone': False, 'member': {'roles': ['1373947908541513811'], 'premium_since': None, 'pending': False, 'nick': None, 'mute': False, 'joined_at': '2025-05-19T08:58:28.182664+00:00', 'flags': 0, 'deaf': False, 'communication_disabled_until': None, 'banner': None, 'avatar': None}, 'id': '1374017832089681964', 'flags': 0, 'embeds': [], 'edited_timestamp': None, 'content': 'üéß Now playing: **KSI - Thick Of It (feat. Trippie Redd) [Official Music Video]**', 'components': [], 'channel_type': 0, 'channel_id': '1072557845494644868', 'author': {'username': 'Jack Bot', 'public_flags': 0, 'primary_guild': None, 'id': '1373946304861966347', 'global_name': None, 'discriminator': '8208', 'collectibles': None, 'clan': None, 'bot': True, 'avatar_decoration_data': None, 'avatar': 'a8e885223f24d5ba156d55257a5630f5'}, 'attachments': [], 'guild_id': '1072557845494644866'}}
[2025-05-19 21:36:18] [DEBUG   ] discord.client: Dispatching event socket_event_type
[2025-05-19 21:36:18] [DEBUG   ] discord.client: Dispatching event message
[2025-05-19 21:36:18] [DEBUG   ] discord.http: POST https://discord.com/api/v10/channels/1072557845494644868/messages with {"content":"\ud83c\udfa7 Now playing: **KSI - Thick Of It (feat. Trippie Redd) [Official Music Video]**","components":[],"nonce":"15018128087726240427","enforce_nonce":true,"tts":false} has returned 200
[2025-05-19 21:36:18] [DEBUG   ] discord.http: POST https://discord.com/api/v10/channels/1072557845494644868/messages has received {'type': 0, 'content': 'üéß Now playing: **KSI - Thick Of It (feat. Trippie Redd) [Official Music Video]**', 'mentions': [], 'mention_roles': [], 'attachments': [], 'embeds': [], 'timestamp': '2025-05-19T13:36:19.187000+00:00', 'edited_timestamp': None, 'flags': 0, 'components': [], 'id': '1374017832089681964', 'channel_id': '1072557845494644868', 'author': {'id': '1373946304861966347', 'username': 'Jack Bot', 'avatar': 'a8e885223f24d5ba156d55257a5630f5', 'discriminator': '8208', 'public_flags': 0, 'flags': 0, 'bot': True, 'banner': None, 'accent_color': None, 'global_name': None, 'avatar_decoration_data': None, 'collectibles': None, 'banner_color': None, 'clan': None, 'primary_guild': None}, 'pinned': False, 'mention_everyone': False, 'tts': False, 'nonce': '15018128087726240427'}
[2025-05-19 21:36:18] [DEBUG   ] discord.player: Spawning ffmpeg process with command: ['ffmpeg', '-reconnect', '1', '-reconnect_streamed', '1', '-reconnect_delay_max', '5', '-i', 'https://rr1---sn-jxajvh-30ae6.googlevideo.com/videoplayback?expire=1747683375&ei=zzMraPCdG86BvcAPqp7piA4&ip=183.171.143.50&id=o-AKgvQ01rSbdtfVwqz-yf6JNe9qN48ZzEsg-oH9Dt-C21&itag=251&source=youtube&requiressl=yes&xpc=EgVo2aDSNQ%3D%3D&met=1747661775%2C&mh=En&mm=31%2C29&mn=sn-jxajvh-30ae6%2Csn-30a7rnek&ms=au%2Crdu&mv=m&mvi=1&pl=24&rms=au%2Cau&gcr=my&initcwndbps=491250&bui=AecWEAZ1A54CDmXZ_MY6DJVcZcFWoqP0PaisTbzkGPR2dV6jBZ2GicYDF2uFZ0x8gnLK8NIdlGdOvhvn&vprv=1&svpuc=1&mime=audio%2Fwebm&ns=VZ_M5rye0mn9xFbovlWgOagQ&rqh=1&gir=yes&clen=2681558&dur=176.821&lmt=1731462701360254&mt=1747661348&fvip=1&keepalive=yes&lmw=1&c=TVHTML5&sefc=1&txp=4532434&n=rtvNpYYV5zfL6A&sparams=expire%2Cei%2Cip%2Cid%2Citag%2Csource%2Crequiressl%2Cxpc%2Cgcr%2Cbui%2Cvprv%2Csvpuc%2Cmime%2Cns%2Crqh%2Cgir%2Cclen%2Cdur%2Clmt&lsparams=met%2Cmh%2Cmm%2Cmn%2Cms%2Cmv%2Cmvi%2Cpl%2Crms%2Cinitcwndbps&lsig=ACuhMU0wRQIhAOnrFA8C2ORtFV7hIezbrkYt8qWZw7zaJ0FsMurWkwkyAiBtfPKJiJ9fL08mnS4gt5k3sVUr_pfT97NxwbKcp17K3Q%3D%3D&sig=AJfQdSswRgIhAO4QFDvuvvPJE8nwCKLAqMt8aSqrE07pj5LLBAkD3qOPAiEAiUxKvpQj6GC55b_wU3qstGLfKle4BR4rG9OUOsyS234%3D', '-f', 's16le', '-ar', '48000', '-ac', '2', '-loglevel', 'warning', '-blocksize', '8192', '-vn', 'pipe:1']
[2025-05-19 21:36:18] [DEBUG   ] discord.gateway: Sending voice websocket frame: {'op': 5, 'd': {'speaking': 1, 'delay': 0, 'ssrc': 52387}}.
[2025-05-19 21:36:23] [DEBUG   ] discord.gateway: Keeping shard ID None voice websocket alive with timestamp 1747661783009.
[2025-05-19 21:36:23] [DEBUG   ] discord.gateway: Sending voice websocket frame: {'op': 3, 'd': 1747661783009}.
[2025-05-19 21:36:23] [DEBUG   ] discord.gateway: Voice websocket frame received: {'op': 6, 'd': 1747661783009}
[2025-05-19 21:36:28] [DEBUG   ] discord.gateway: Keeping shard ID None voice websocket alive with timestamp 1747661788009.
[2025-05-19 21:36:28] [DEBUG   ] discord.gateway: Sending voice websocket frame: {'op': 3, 'd': 1747661788009}.
[2025-05-19 21:36:28] [DEBUG   ] discord.gateway: Voice websocket frame received: {'op': 6, 'd': 1747661788009}
[2025-05-19 21:36:33] [DEBUG   ] discord.gateway: Keeping shard ID None voice websocket alive with timestamp 1747661793024.
[2025-05-19 21:36:33] [DEBUG   ] discord.gateway: Sending voice websocket frame: {'op': 3, 'd': 1747661793024}.
[2025-05-19 21:36:33] [DEBUG   ] discord.gateway: Voice websocket frame received: {'op': 6, 'd': 1747661793024}
[2025-05-19 21:36:38] [DEBUG   ] discord.gateway: Keeping shard ID None voice websocket alive with timestamp 1747661798032.
[2025-05-19 21:36:38] [DEBUG   ] discord.gateway: Sending voice websocket frame: {'op': 3, 'd': 1747661798032}.
[2025-05-19 21:36:42] [DEBUG   ] discord.gateway: Voice websocket frame received: {'op': 6, 'd': 1747661798032}
[2025-05-19 21:36:43] [DEBUG   ] discord.gateway: Keeping shard ID None voice websocket alive with timestamp 1747661803041.
[2025-05-19 21:36:43] [DEBUG   ] discord.gateway: Sending voice websocket frame: {'op': 3, 'd': 1747661803041}.
[2025-05-19 21:36:43] [DEBUG   ] discord.gateway: Voice websocket frame received: {'op': 6, 'd': 1747661803041}
[2025-05-19 21:36:48] [DEBUG   ] discord.gateway: Keeping shard ID None voice websocket alive with timestamp 1747661808050.
[2025-05-19 21:36:48] [DEBUG   ] discord.gateway: Sending voice websocket frame: {'op': 3, 'd': 1747661808050}.
[2025-05-19 21:36:48] [DEBUG   ] discord.gateway: Voice websocket frame received: {'op': 6, 'd': 1747661808050}
[2025-05-19 21:36:51] [DEBUG   ] discord.gateway: For Shard ID None: WebSocket Event: {'t': 'MESSAGE_CREATE', 's': 23, 'op': 0, 'd': {'type': 0, 'tts': False, 'timestamp': '2025-05-19T13:36:52.251000+00:00', 'pinned': False, 'nonce': '1374017965044793344', 'mentions': [], 'mention_roles': [], 'mention_everyone': False, 'member': {'roles': ['1373954060998279260'], 'premium_since': None, 'pending': False, 'nick': None, 'mute': False, 'joined_at': '2023-02-07T16:41:57.547000+00:00', 'flags': 0, 'deaf': False, 'communication_disabled_until': None, 'banner': None, 'avatar': None}, 'id': '1374017970770284544', 'flags': 0, 'embeds': [], 'edited_timestamp': None, 'content': '!pause', 'components': [], 'channel_type': 0, 'channel_id': '1072557845494644868', 'author': {'username': 'rargoz', 'public_flags': 0, 'primary_guild': None, 'id': '669138482396004362', 'global_name': 'rargoz', 'discriminator': '0', 'collectibles': None, 'clan': None, 'avatar_decoration_data': None, 'avatar': '07ec2755391bb18bf3658bae58dedb75'}, 'attachments': [], 'guild_id': '1072557845494644866'}}
[2025-05-19 21:36:51] [DEBUG   ] discord.client: Dispatching event socket_event_type
[2025-05-19 21:36:51] [DEBUG   ] discord.client: Dispatching event message
[2025-05-19 21:36:51] [DEBUG   ] discord.client: Dispatching event command
[2025-05-19 21:36:51] [DEBUG   ] discord.gateway: Sending voice websocket frame: {'op': 5, 'd': {'speaking': 0, 'delay': 0, 'ssrc': 52387}}.
[2025-05-19 21:36:52] [DEBUG   ] discord.gateway: For Shard ID None: WebSocket Event: {'t': 'MESSAGE_CREATE', 's': 24, 'op': 0, 'd': {'type': 0, 'tts': False, 'timestamp': '2025-05-19T13:36:52.672000+00:00', 'pinned': False, 'nonce': '3215548087136899401', 'mentions': [], 'mention_roles': [], 'mention_everyone': False, 'member': {'roles': ['1373947908541513811'], 'premium_since': None, 'pending': False, 'nick': None, 'mute': False, 'joined_at': '2025-05-19T08:58:28.182664+00:00', 'flags': 0, 'deaf': False, 'communication_disabled_until': None, 'banner': None, 'avatar': None}, 'id': '1374017972535955477', 'flags': 0, 'embeds': [], 'edited_timestamp': None, 'content': '‚è∏Ô∏è Paused.', 'components': [], 'channel_type': 0, 'channel_id': '1072557845494644868', 'author': {'username': 'Jack Bot', 'public_flags': 0, 'primary_guild': None, 'id': '1373946304861966347', 'global_name': None, 'discriminator': '8208', 'collectibles': None, 'clan': None, 'bot': True, 'avatar_decoration_data': None, 'avatar': 'a8e885223f24d5ba156d55257a5630f5'}, 'attachments': [], 'guild_id': '1072557845494644866'}}
[2025-05-19 21:36:52] [DEBUG   ] discord.client: Dispatching event socket_event_type
[2025-05-19 21:36:52] [DEBUG   ] discord.client: Dispatching event message
[2025-05-19 21:36:52] [DEBUG   ] discord.http: POST https://discord.com/api/v10/channels/1072557845494644868/messages with {"content":"\u23f8\ufe0f Paused.","components":[],"nonce":"3215548087136899401","enforce_nonce":true,"tts":false} has returned 200
[2025-05-19 21:36:52] [DEBUG   ] discord.http: POST https://discord.com/api/v10/channels/1072557845494644868/messages has received {'type': 0, 'content': '‚è∏Ô∏è Paused.', 'mentions': [], 'mention_roles': [], 'attachments': [], 'embeds': [], 'timestamp': '2025-05-19T13:36:52.672000+00:00', 'edited_timestamp': None, 'flags': 0, 'components': [], 'id': '1374017972535955477', 'channel_id': '1072557845494644868', 'author': {'id': '1373946304861966347', 'username': 'Jack Bot', 'avatar': 'a8e885223f24d5ba156d55257a5630f5', 'discriminator': '8208', 'public_flags': 0, 'flags': 0, 'bot': True, 'banner': None, 'accent_color': None, 'global_name': None, 'avatar_decoration_data': None, 'collectibles': None, 'banner_color': None, 'clan': None, 'primary_guild': None}, 'pinned': False, 'mention_everyone': False, 'tts': False, 'nonce': '3215548087136899401'}
[2025-05-19 21:36:52] [DEBUG   ] discord.client: Dispatching event command_completion
[2025-05-19 21:36:53] [DEBUG   ] discord.gateway: Keeping shard ID None voice websocket alive with timestamp 1747661813054.
[2025-05-19 21:36:53] [DEBUG   ] discord.gateway: Sending voice websocket frame: {'op': 3, 'd': 1747661813054}.
[2025-05-19 21:36:53] [DEBUG   ] discord.gateway: Voice websocket frame received: {'op': 6, 'd': 1747661813054}
[2025-05-19 21:36:57] [DEBUG   ] discord.gateway: For Shard ID None: WebSocket Event: {'t': 'MESSAGE_CREATE', 's': 25, 'op': 0, 'd': {'type': 0, 'tts': False, 'timestamp': '2025-05-19T13:36:57.808000+00:00', 'pinned': False, 'nonce': '1374017990307086336', 'mentions': [], 'mention_roles': [], 'mention_everyone': False, 'member': {'roles': ['1373954060998279260'], 'premium_since': None, 'pending': False, 'nick': None, 'mute': False, 'joined_at': '2023-02-07T16:41:57.547000+00:00', 'flags': 0, 'deaf': False, 'communication_disabled_until': None, 'banner': None, 'avatar': None}, 'id': '1374017994077765694', 'flags': 0, 'embeds': [], 'edited_timestamp': None, 'content': '!leave', 'components': [], 'channel_type': 0, 'channel_id': '1072557845494644868', 'author': {'username': 'rargoz', 'public_flags': 0, 'primary_guild': None, 'id': '669138482396004362', 'global_name': 'rargoz', 'discriminator': '0', 'collectibles': None, 'clan': None, 'avatar_decoration_data': None, 'avatar': '07ec2755391bb18bf3658bae58dedb75'}, 'attachments': [], 'guild_id': '1072557845494644866'}}
[2025-05-19 21:36:57] [DEBUG   ] discord.client: Dispatching event socket_event_type
[2025-05-19 21:36:57] [DEBUG   ] discord.client: Dispatching event message
[2025-05-19 21:36:57] [DEBUG   ] discord.client: Dispatching event command
[2025-05-19 21:36:57] [INFO    ] discord.voice_state: The voice handshake is being terminated for Channel ID 1072557845972799528 (Guild ID 1072557845494644866)
[2025-05-19 21:36:57] [DEBUG   ] discord.voice_state: Connection state changed to disconnected
[2025-05-19 21:36:57] [DEBUG   ] discord.gateway: Updating our voice state to {'op': 4, 'd': {'guild_id': 1072557845494644866, 'channel_id': None, 'self_mute': False, 'self_deaf': False}}.
[2025-05-19 21:36:57] [DEBUG   ] discord.player: Preparing to terminate ffmpeg process 3452.
[2025-05-19 21:36:57] [DEBUG   ] discord.gateway: Received voice WSMessage(type=<WSMsgType.CLOSING: 256>, data=None, extra=None)
[2025-05-19 21:36:57] [INFO    ] discord.player: ffmpeg process 3452 has not terminated. Waiting to terminate...
[2025-05-19 21:36:57] [DEBUG   ] discord.gateway: Sending voice websocket frame: {'op': 5, 'd': {'speaking': 0, 'delay': 0, 'ssrc': 52387}}.
[2025-05-19 21:36:57] [DEBUG   ] discord.client: Dispatching event command_completion
[2025-05-19 21:36:57] [INFO    ] discord.player: ffmpeg process 3452 should have terminated with a return code of 1.
[2025-05-19 21:36:57] [DEBUG   ] discord.gateway: For Shard ID None: WebSocket Event: {'t': 'VOICE_STATE_UPDATE', 's': 26, 'op': 0, 'd': {'member': {'user': {'username': 'Jack Bot', 'public_flags': 0, 'primary_guild': None, 'id': '1373946304861966347', 'global_name': None, 'display_name': None, 'discriminator': '8208', 'collectibles': None, 'clan': None, 'bot': True, 'avatar_decoration_data': None, 'avatar': 'a8e885223f24d5ba156d55257a5630f5'}, 'roles': ['1373947908541513811'], 'premium_since': None, 'pending': False, 'nick': None, 'mute': False, 'joined_at': '2025-05-19T08:58:28.182664+00:00', 'flags': 0, 'deaf': False, 'communication_disabled_until': None, 'banner': None, 'avatar': None}, 'user_id': '1373946304861966347', 'suppress': False, 'session_id': '0a7754caa6b91d71b388087977612f8c', 'self_video': False, 'self_mute': False, 'self_deaf': False, 'request_to_speak_timestamp': None, 'mute': False, 'guild_id': '1072557845494644866', 'deaf': False, 'channel_id': None}}
[2025-05-19 21:36:57] [DEBUG   ] discord.client: Dispatching event socket_event_type
[2025-05-19 21:36:57] [DEBUG   ] discord.client: Dispatching event voice_state_update
[2025-05-19 21:36:58] [DEBUG   ] discord.gateway: Keeping shard ID None websocket alive with sequence 26.
[2025-05-19 21:36:58] [DEBUG   ] discord.gateway: For Shard ID None: WebSocket Event: {'t': None, 's': None, 'op': 11, 'd': None}
[2025-05-19 21:37:21] [DEBUG   ] discord.client: Dispatching event command_error
[2025-05-19 21:37:21] [ERROR   ] discord.client: Ignoring exception in on_message
Traceback (most recent call last):
  File "C:\Users\ultra\AppData\Local\Programs\Python\Python312\Lib\asyncio\runners.py", line 118, in run
    return self._loop.run_until_complete(task)
           ^^^^^^^^^^^^^^^^^^^^^^^^^^^^^^^^^^^
  File "C:\Users\ultra\AppData\Local\Programs\Python\Python312\Lib\asyncio\base_events.py", line 687, in run_until_complete
    return future.result()
           ^^^^^^^^^^^^^^^
  File "C:\Users\ultra\AppData\Local\Programs\Python\Python312\Lib\site-packages\discord\client.py", line 895, in runner
    await self.start(token, reconnect=reconnect)
  File "C:\Users\ultra\AppData\Local\Programs\Python\Python312\Lib\site-packages\discord\client.py", line 824, in start
    await self.connect(reconnect=reconnect)
  File "C:\Users\ultra\AppData\Local\Programs\Python\Python312\Lib\site-packages\discord\client.py", line 704, in connect
    await self.ws.poll_event()
  File "C:\Users\ultra\AppData\Local\Programs\Python\Python312\Lib\site-packages\discord\gateway.py", line 623, in poll_event
    msg = await self.socket.receive(timeout=self._max_heartbeat_timeout)
          ^^^^^^^^^^^^^^^^^^^^^^^^^^^^^^^^^^^^^^^^^^^^^^^^^^^^^^^^^^^^^^
  File "C:\Users\ultra\AppData\Local\Programs\Python\Python312\Lib\site-packages\aiohttp\client_ws.py", line 334, in receive
    msg = await self._reader.read()
          ^^^^^^^^^^^^^^^^^^^^^^^^^
  File "aiohttp\\_websocket\\reader_c.py", line 118, in read
  File "aiohttp\\_websocket\\reader_c.py", line 115, in aiohttp._websocket.reader_c.WebSocketDataQueue.read
asyncio.exceptions.CancelledError

During handling of the above exception, another exception occurred:

Traceback (most recent call last):
  File "C:\Users\ultra\AppData\Local\Programs\Python\Python312\Lib\asyncio\runners.py", line 194, in run
    return runner.run(main)
           ^^^^^^^^^^^^^^^^
  File "C:\Users\ultra\AppData\Local\Programs\Python\Python312\Lib\asyncio\runners.py", line 123, in run
    raise KeyboardInterrupt()
KeyboardInterrupt

During handling of the above exception, another exception occurred:

Traceback (most recent call last):
  File "C:\Users\ultra\AppData\Local\Programs\Python\Python312\Lib\site-packages\discord\ext\commands\core.py", line 235, in wrapped
    ret = await coro(*args, **kwargs)
          ^^^^^^^^^^^^^^^^^^^^^^^^^^^
  File "c:\Users\ultra\Documents\App\JackBot\main.py", line 166, in leave
    await ctx.send("Disconnected.")
  File "C:\Users\ultra\AppData\Local\Programs\Python\Python312\Lib\site-packages\discord\ext\commands\context.py", line 1043, in send
    return await super().send(
           ^^^^^^^^^^^^^^^^^^^
  File "C:\Users\ultra\AppData\Local\Programs\Python\Python312\Lib\site-packages\discord\abc.py", line 1644, in send
    data = await state.http.send_message(channel.id, params=params)
           ^^^^^^^^^^^^^^^^^^^^^^^^^^^^^^^^^^^^^^^^^^^^^^^^^^^^^^^^
  File "C:\Users\ultra\AppData\Local\Programs\Python\Python312\Lib\site-packages\discord\http.py", line 642, in request
    async with self.__session.request(method, url, **kwargs) as response:
               ^^^^^^^^^^^^^^^^^^^^^^^^^^^^^^^^^^^^^^^^^^^^^
  File "C:\Users\ultra\AppData\Local\Programs\Python\Python312\Lib\site-packages\aiohttp\client.py", line 1425, in __aenter__
    self._resp: _RetType = await self._coro
                           ^^^^^^^^^^^^^^^^
  File "C:\Users\ultra\AppData\Local\Programs\Python\Python312\Lib\site-packages\aiohttp\client.py", line 512, in _request
    raise RuntimeError("Session is closed")
RuntimeError: Session is closed

The above exception was the direct cause of the following exception:

Traceback (most recent call last):
  File "C:\Users\ultra\AppData\Local\Programs\Python\Python312\Lib\site-packages\discord\ext\commands\bot.py", line 1366, in invoke
    await ctx.command.invoke(ctx)
  File "C:\Users\ultra\AppData\Local\Programs\Python\Python312\Lib\site-packages\discord\ext\commands\core.py", line 1029, in invoke
    await injected(*ctx.args, **ctx.kwargs)  # type: ignore
    ^^^^^^^^^^^^^^^^^^^^^^^^^^^^^^^^^^^^^^^
  File "C:\Users\ultra\AppData\Local\Programs\Python\Python312\Lib\site-packages\discord\ext\commands\core.py", line 244, in wrapped
    raise CommandInvokeError(exc) from exc
discord.ext.commands.errors.CommandInvokeError: Command raised an exception: RuntimeError: Session is closed

During handling of the above exception, another exception occurred:

Traceback (most recent call last):
  File "C:\Users\ultra\AppData\Local\Programs\Python\Python312\Lib\site-packages\discord\client.py", line 481, in _run_event
    await coro(*args, **kwargs)
  File "c:\Users\ultra\Documents\App\JackBot\main.py", line 43, in on_message
    await bot.process_commands(message)
  File "C:\Users\ultra\AppData\Local\Programs\Python\Python312\Lib\site-packages\discord\ext\commands\bot.py", line 1408, in process_commands
    await self.invoke(ctx)  # type: ignore
    ^^^^^^^^^^^^^^^^^^^^^^
  File "C:\Users\ultra\AppData\Local\Programs\Python\Python312\Lib\site-packages\discord\ext\commands\bot.py", line 1370, in invoke
    await ctx.command.dispatch_error(ctx, exc)
  File "C:\Users\ultra\AppData\Local\Programs\Python\Python312\Lib\site-packages\discord\ext\commands\core.py", line 650, in dispatch_error
    ctx.bot.dispatch('command_error', ctx, error)
  File "C:\Users\ultra\AppData\Local\Programs\Python\Python312\Lib\site-packages\discord\ext\commands\bot.py", line 228, in dispatch
    super().dispatch(event_name, *args, **kwargs)  # type: ignore
    ^^^^^^^^^^^^^^^^^^^^^^^^^^^^^^^^^^^^^^^^^^^^^
  File "C:\Users\ultra\AppData\Local\Programs\Python\Python312\Lib\site-packages\discord\client.py", line 539, in dispatch
    self._schedule_event(coro, method, *args, **kwargs)
  File "C:\Users\ultra\AppData\Local\Programs\Python\Python312\Lib\site-packages\discord\client.py", line 499, in _schedule_event
    return self.loop.create_task(wrapped, name=f'discord.py: {event_name}')
           ^^^^^^^^^^^^^^^^^^^^^
AttributeError: '_MissingSentinel' object has no attribute 'create_task'
